android/app/build/intermediates/manifest_merge_blame_file/debug/manifest-merger-blame-debug-report.txt
1<?xml version="1.0" encoding="utf-8"?>
2<manifest xmlns:android="http://schemas.android.com/apk/res/android"
3    package="medicare.com.medicare"
4    android:versionCode="1"
5    android:versionName="1.0.0" >
6
7    <uses-sdk
8        android:minSdkVersion="21"
9        android:targetSdkVersion="34" />
10    <!--
11         The INTERNET permission is required for development. Specifically,
12         the Flutter tool needs it to communicate with the running application
13         to allow setting breakpoints, to provide hot reload, etc.
14    -->
15    <uses-permission android:name="android.permission.INTERNET" />
15-->src\main\AndroidManifest.xml:2:5-66
15-->src\main\AndroidManifest.xml:2:22-64
16    <uses-permission android:name="android.permission.WRITE_EXTERNAL_STORAGE" />
16-->src\main\AndroidManifest.xml:3:5-80
16-->src\main\AndroidManifest.xml:3:22-78
17    <uses-permission android:name="android.permission.READ_EXTERNAL_STORAGE" />
17-->src\main\AndroidManifest.xml:4:5-79
17-->src\main\AndroidManifest.xml:4:22-77
18    <uses-permission android:name="android.permission.READ_MEDIA_IMAGES" />
18-->src\main\AndroidManifest.xml:5:5-76
18-->src\main\AndroidManifest.xml:5:22-73
19    <uses-permission android:name="android.permission.ACCESS_NOTIFICATION_POLICY" />
19-->src\main\AndroidManifest.xml:6:5-84
19-->src\main\AndroidManifest.xml:6:22-82
20    <uses-permission android:name="android.permission.POST_NOTIFICATIONS" />
20-->src\main\AndroidManifest.xml:7:5-76
20-->src\main\AndroidManifest.xml:7:22-74
21    <uses-permission android:name="android.permission.SCHEDULE_EXACT_ALARM" />
21-->src\main\AndroidManifest.xml:8:5-79
21-->src\main\AndroidManifest.xml:8:22-76
22    <!--
23 Required to query activities that can process text, see:
24         https://developer.android.com/training/package-visibility and
25         https://developer.android.com/reference/android/content/Intent#ACTION_PROCESS_TEXT.
26
27         In particular, this is used by the Flutter engine in io.flutter.plugin.text.ProcessTextPlugin.
28    -->
29    <queries>
29-->src\main\AndroidManifest.xml:46:5-51:15
30        <intent>
30-->src\main\AndroidManifest.xml:47:9-50:18
31            <action android:name="android.intent.action.PROCESS_TEXT" />
31-->src\main\AndroidManifest.xml:48:13-72
31-->src\main\AndroidManifest.xml:48:21-70
32
33            <data android:mimeType="text/plain" />
33-->src\main\AndroidManifest.xml:49:13-50
33-->src\main\AndroidManifest.xml:49:19-48
34        </intent>
35    </queries>
36
37    <uses-permission android:name="android.permission.VIBRATE" /> <!-- Although the *SdkVersion is captured in gradle build files, this is required for non gradle builds -->
37-->[:flutter_local_notifications] AndroidManifest.xml:9:5-66
37-->[:flutter_local_notifications] AndroidManifest.xml:9:22-63
38    <!-- <uses-sdk android:minSdkVersion="21" /> -->
39    <uses-permission android:name="android.permission.ACCESS_NETWORK_STATE" />
39-->[com.google.firebase:firebase-firestore:25.0.0] AndroidManifest.xml:10:5-79
39-->[com.google.firebase:firebase-firestore:25.0.0] AndroidManifest.xml:10:22-76
40
41    <permission
41-->[androidx.core:core:1.13.1] AndroidManifest.xml:22:5-24:47
42        android:name="medicare.com.medicare.DYNAMIC_RECEIVER_NOT_EXPORTED_PERMISSION"
42-->[androidx.core:core:1.13.1] AndroidManifest.xml:23:9-81
43        android:protectionLevel="signature" />
43-->[androidx.core:core:1.13.1] AndroidManifest.xml:24:9-44
44
45    <uses-permission android:name="medicare.com.medicare.DYNAMIC_RECEIVER_NOT_EXPORTED_PERMISSION" />
45-->[androidx.core:core:1.13.1] AndroidManifest.xml:26:5-97
45-->[androidx.core:core:1.13.1] AndroidManifest.xml:26:22-94
46
47    <application
48        android:name="android.app.Application"
49        android:appComponentFactory="androidx.core.app.CoreComponentFactory"
49-->[androidx.core:core:1.13.1] AndroidManifest.xml:28:18-86
50        android:debuggable="true"
51        android:icon="@mipmap/ic_launcher"
52        android:label="medicare" >
53        <activity
54            android:name="medicare.com.medicare.MainActivity"
55            android:configChanges="orientation|keyboardHidden|keyboard|screenSize|smallestScreenSize|locale|layoutDirection|fontScale|screenLayout|density|uiMode"
56            android:exported="true"
57            android:hardwareAccelerated="true"
58            android:launchMode="singleTop"
59            android:taskAffinity=""
60            android:theme="@style/LaunchTheme"
61            android:windowSoftInputMode="adjustResize" >
62
63            <!--
64                 Specifies an Android theme to apply to this Activity as soon as
65                 the Android process has started. This theme is visible to the user
66                 while the Flutter UI initializes. After that, this theme continues
67                 to determine the Window background behind the Flutter UI.
68            -->
69            <meta-data
70                android:name="io.flutter.embedding.android.NormalTheme"
71                android:resource="@style/NormalTheme" />
72
73            <intent-filter>
74                <action android:name="android.intent.action.MAIN" />
75
76                <category android:name="android.intent.category.LAUNCHER" />
77            </intent-filter>
78        </activity>
79        <!--
80             Don't delete the meta-data below.
81             This is used by the Flutter tool to generate GeneratedPluginRegistrant.java
82        -->
83        <meta-data
84            android:name="flutterEmbedding"
85            android:value="2" />
86
87        <service
87-->[:cloud_firestore] AndroidManifest.xml:10:9-14:19
88            android:name="com.google.firebase.components.ComponentDiscoveryService"
88-->[:cloud_firestore] AndroidManifest.xml:10:18-89
89            android:directBootAware="true"
89-->[com.google.firebase:firebase-common:21.0.0] AndroidManifest.xml:32:13-43
90            android:exported="false" >
90-->[com.google.firebase:firebase-firestore:25.0.0] AndroidManifest.xml:16:13-37
91            <meta-data
91-->[:cloud_firestore] AndroidManifest.xml:11:13-13:85
92                android:name="com.google.firebase.components:io.flutter.plugins.firebase.firestore.FlutterFirebaseFirestoreRegistrar"
92-->[:cloud_firestore] AndroidManifest.xml:12:17-134
93                android:value="com.google.firebase.components.ComponentRegistrar" />
93-->[:cloud_firestore] AndroidManifest.xml:13:17-82
94            <meta-data
94-->[:firebase_core] AndroidManifest.xml:11:13-13:85
95                android:name="com.google.firebase.components:io.flutter.plugins.firebase.core.FlutterFirebaseCoreRegistrar"
95-->[:firebase_core] AndroidManifest.xml:12:17-124
96                android:value="com.google.firebase.components.ComponentRegistrar" />
96-->[:firebase_core] AndroidManifest.xml:13:17-82
97            <meta-data
97-->[com.google.firebase:firebase-firestore:25.0.0] AndroidManifest.xml:17:13-19:85
98                android:name="com.google.firebase.components:com.google.firebase.firestore.FirebaseFirestoreKtxRegistrar"
98-->[com.google.firebase:firebase-firestore:25.0.0] AndroidManifest.xml:18:17-122
99                android:value="com.google.firebase.components.ComponentRegistrar" />
99-->[com.google.firebase:firebase-firestore:25.0.0] AndroidManifest.xml:19:17-82
100            <meta-data
100-->[com.google.firebase:firebase-firestore:25.0.0] AndroidManifest.xml:20:13-22:85
101                android:name="com.google.firebase.components:com.google.firebase.firestore.FirestoreRegistrar"
101-->[com.google.firebase:firebase-firestore:25.0.0] AndroidManifest.xml:21:17-111
102                android:value="com.google.firebase.components.ComponentRegistrar" />
102-->[com.google.firebase:firebase-firestore:25.0.0] AndroidManifest.xml:22:17-82
103            <meta-data
103-->[com.google.firebase:firebase-common-ktx:21.0.0] AndroidManifest.xml:12:13-14:85
104                android:name="com.google.firebase.components:com.google.firebase.ktx.FirebaseCommonLegacyRegistrar"
104-->[com.google.firebase:firebase-common-ktx:21.0.0] AndroidManifest.xml:13:17-116
105                android:value="com.google.firebase.components.ComponentRegistrar" />
105-->[com.google.firebase:firebase-common-ktx:21.0.0] AndroidManifest.xml:14:17-82
106            <meta-data
106-->[com.google.firebase:firebase-common:21.0.0] AndroidManifest.xml:35:13-37:85
107                android:name="com.google.firebase.components:com.google.firebase.FirebaseCommonKtxRegistrar"
107-->[com.google.firebase:firebase-common:21.0.0] AndroidManifest.xml:36:17-109
108                android:value="com.google.firebase.components.ComponentRegistrar" />
108-->[com.google.firebase:firebase-common:21.0.0] AndroidManifest.xml:37:17-82
109        </service>
110
111        <provider
111-->[:image_picker_android] AndroidManifest.xml:11:9-19:20
112            android:name="io.flutter.plugins.imagepicker.ImagePickerFileProvider"
112-->[:image_picker_android] AndroidManifest.xml:12:13-82
113            android:authorities="medicare.com.medicare.flutter.image_provider"
113-->[:image_picker_android] AndroidManifest.xml:13:13-74
114            android:exported="false"
114-->[:image_picker_android] AndroidManifest.xml:14:13-37
115            android:grantUriPermissions="true" >
115-->[:image_picker_android] AndroidManifest.xml:15:13-47
116            <meta-data
116-->[:image_picker_android] AndroidManifest.xml:16:13-18:75
117                android:name="android.support.FILE_PROVIDER_PATHS"
117-->[:image_picker_android] AndroidManifest.xml:17:17-67
118                android:resource="@xml/flutter_image_picker_file_paths" />
118-->[:image_picker_android] AndroidManifest.xml:18:17-72
119        </provider> <!-- Trigger Google Play services to install the backported photo picker module. -->
120        <service
120-->[:image_picker_android] AndroidManifest.xml:21:9-33:19
121            android:name="com.google.android.gms.metadata.ModuleDependencies"
121-->[:image_picker_android] AndroidManifest.xml:22:13-78
122            android:enabled="false"
122-->[:image_picker_android] AndroidManifest.xml:23:13-36
123            android:exported="false" >
123-->[:image_picker_android] AndroidManifest.xml:24:13-37
124            <intent-filter>
124-->[:image_picker_android] AndroidManifest.xml:26:13-28:29
125                <action android:name="com.google.android.gms.metadata.MODULE_DEPENDENCIES" />
125-->[:image_picker_android] AndroidManifest.xml:27:17-94
125-->[:image_picker_android] AndroidManifest.xml:27:25-91
126            </intent-filter>
127
128            <meta-data
128-->[:image_picker_android] AndroidManifest.xml:30:13-32:36
129                android:name="photopicker_activity:0:required"
129-->[:image_picker_android] AndroidManifest.xml:31:17-63
130                android:value="" />
130-->[:image_picker_android] AndroidManifest.xml:32:17-33
131        </service>
132
133        <provider
133-->[com.google.firebase:firebase-common:21.0.0] AndroidManifest.xml:23:9-28:39
134            android:name="com.google.firebase.provider.FirebaseInitProvider"
134-->[com.google.firebase:firebase-common:21.0.0] AndroidManifest.xml:24:13-77
135            android:authorities="medicare.com.medicare.firebaseinitprovider"
135-->[com.google.firebase:firebase-common:21.0.0] AndroidManifest.xml:25:13-72
136            android:directBootAware="true"
136-->[com.google.firebase:firebase-common:21.0.0] AndroidManifest.xml:26:13-43
137            android:exported="false"
137-->[com.google.firebase:firebase-common:21.0.0] AndroidManifest.xml:27:13-37
138            android:initOrder="100" />
138-->[com.google.firebase:firebase-common:21.0.0] AndroidManifest.xml:28:13-36
139
140        <uses-library
140-->[androidx.window:window:1.0.0-beta04] AndroidManifest.xml:25:9-27:40
141            android:name="androidx.window.extensions"
141-->[androidx.window:window:1.0.0-beta04] AndroidManifest.xml:26:13-54
142            android:required="false" />
142-->[androidx.window:window:1.0.0-beta04] AndroidManifest.xml:27:13-37
143        <uses-library
143-->[androidx.window:window:1.0.0-beta04] AndroidManifest.xml:28:9-30:40
144            android:name="androidx.window.sidecar"
144-->[androidx.window:window:1.0.0-beta04] AndroidManifest.xml:29:13-51
145            android:required="false" />
145-->[androidx.window:window:1.0.0-beta04] AndroidManifest.xml:30:13-37
146
147        <activity
147-->[com.google.android.gms:play-services-auth:20.7.0] AndroidManifest.xml:23:9-27:75
148            android:name="com.google.android.gms.auth.api.signin.internal.SignInHubActivity"
148-->[com.google.android.gms:play-services-auth:20.7.0] AndroidManifest.xml:24:13-93
149            android:excludeFromRecents="true"
149-->[com.google.android.gms:play-services-auth:20.7.0] AndroidManifest.xml:25:13-46
150            android:exported="false"
150-->[com.google.android.gms:play-services-auth:20.7.0] AndroidManifest.xml:26:13-37
151            android:theme="@android:style/Theme.Translucent.NoTitleBar" />
151-->[com.google.android.gms:play-services-auth:20.7.0] AndroidManifest.xml:27:13-72
152        <!--
153            Service handling Google Sign-In user revocation. For apps that do not integrate with
154            Google Sign-In, this service will never be started.
155        -->
156        <service
156-->[com.google.android.gms:play-services-auth:20.7.0] AndroidManifest.xml:33:9-37:51
157            android:name="com.google.android.gms.auth.api.signin.RevocationBoundService"
157-->[com.google.android.gms:play-services-auth:20.7.0] AndroidManifest.xml:34:13-89
158            android:exported="true"
158-->[com.google.android.gms:play-services-auth:20.7.0] AndroidManifest.xml:35:13-36
159            android:permission="com.google.android.gms.auth.api.signin.permission.REVOCATION_NOTIFICATION"
159-->[com.google.android.gms:play-services-auth:20.7.0] AndroidManifest.xml:36:13-107
160            android:visibleToInstantApps="true" />
160-->[com.google.android.gms:play-services-auth:20.7.0] AndroidManifest.xml:37:13-48
161
162        <activity
162-->[com.google.android.gms:play-services-base:18.0.1] AndroidManifest.xml:20:9-22:45
163            android:name="com.google.android.gms.common.api.GoogleApiActivity"
163-->[com.google.android.gms:play-services-base:18.0.1] AndroidManifest.xml:20:19-85
164            android:exported="false"
164-->[com.google.android.gms:play-services-base:18.0.1] AndroidManifest.xml:22:19-43
165            android:theme="@android:style/Theme.Translucent.NoTitleBar" />
165-->[com.google.android.gms:play-services-base:18.0.1] AndroidManifest.xml:21:19-78
166
167        <meta-data
167-->[com.google.android.gms:play-services-basement:18.3.0] AndroidManifest.xml:21:9-23:69
168            android:name="com.google.android.gms.version"
168-->[com.google.android.gms:play-services-basement:18.3.0] AndroidManifest.xml:22:13-58
169            android:value="@integer/google_play_services_version" />
169-->[com.google.android.gms:play-services-basement:18.3.0] AndroidManifest.xml:23:13-66
170
171        <provider
171-->[androidx.emoji2:emoji2:1.2.0] AndroidManifest.xml:24:9-32:20
172            android:name="androidx.startup.InitializationProvider"
172-->[androidx.emoji2:emoji2:1.2.0] AndroidManifest.xml:25:13-67
173            android:authorities="medicare.com.medicare.androidx-startup"
173-->[androidx.emoji2:emoji2:1.2.0] AndroidManifest.xml:26:13-68
174            android:exported="false" >
174-->[androidx.emoji2:emoji2:1.2.0] AndroidManifest.xml:27:13-37
175            <meta-data
175-->[androidx.emoji2:emoji2:1.2.0] AndroidManifest.xml:29:13-31:52
176                android:name="androidx.emoji2.text.EmojiCompatInitializer"
176-->[androidx.emoji2:emoji2:1.2.0] AndroidManifest.xml:30:17-75
177                android:value="androidx.startup" />
177-->[androidx.emoji2:emoji2:1.2.0] AndroidManifest.xml:31:17-49
178            <meta-data
178-->[androidx.lifecycle:lifecycle-process:2.6.2] AndroidManifest.xml:29:13-31:52
179                android:name="androidx.lifecycle.ProcessLifecycleInitializer"
179-->[androidx.lifecycle:lifecycle-process:2.6.2] AndroidManifest.xml:30:17-78
180                android:value="androidx.startup" />
180-->[androidx.lifecycle:lifecycle-process:2.6.2] AndroidManifest.xml:31:17-49
181            <meta-data
181-->[androidx.profileinstaller:profileinstaller:1.3.0] AndroidManifest.xml:29:13-31:52
182                android:name="androidx.profileinstaller.ProfileInstallerInitializer"
182-->[androidx.profileinstaller:profileinstaller:1.3.0] AndroidManifest.xml:30:17-85
183                android:value="androidx.startup" />
183-->[androidx.profileinstaller:profileinstaller:1.3.0] AndroidManifest.xml:31:17-49
184        </provider>
185
186        <receiver
186-->[androidx.profileinstaller:profileinstaller:1.3.0] AndroidManifest.xml:34:9-52:20
187            android:name="androidx.profileinstaller.ProfileInstallReceiver"
187-->[androidx.profileinstaller:profileinstaller:1.3.0] AndroidManifest.xml:35:13-76
188            android:directBootAware="false"
188-->[androidx.profileinstaller:profileinstaller:1.3.0] AndroidManifest.xml:36:13-44
189            android:enabled="true"
189-->[androidx.profileinstaller:profileinstaller:1.3.0] AndroidManifest.xml:37:13-35
190            android:exported="true"
190-->[androidx.profileinstaller:profileinstaller:1.3.0] AndroidManifest.xml:38:13-36
191            android:permission="android.permission.DUMP" >
191-->[androidx.profileinstaller:profileinstaller:1.3.0] AndroidManifest.xml:39:13-57
192            <intent-filter>
192-->[androidx.profileinstaller:profileinstaller:1.3.0] AndroidManifest.xml:40:13-42:29
193                <action android:name="androidx.profileinstaller.action.INSTALL_PROFILE" />
193-->[androidx.profileinstaller:profileinstaller:1.3.0] AndroidManifest.xml:41:17-91
193-->[androidx.profileinstaller:profileinstaller:1.3.0] AndroidManifest.xml:41:25-88
194            </intent-filter>
195            <intent-filter>
195-->[androidx.profileinstaller:profileinstaller:1.3.0] AndroidManifest.xml:43:13-45:29
196                <action android:name="androidx.profileinstaller.action.SKIP_FILE" />
196-->[androidx.profileinstaller:profileinstaller:1.3.0] AndroidManifest.xml:44:17-85
196-->[androidx.profileinstaller:profileinstaller:1.3.0] AndroidManifest.xml:44:25-82
197            </intent-filter>
198            <intent-filter>
198-->[androidx.profileinstaller:profileinstaller:1.3.0] AndroidManifest.xml:46:13-48:29
199                <action android:name="androidx.profileinstaller.action.SAVE_PROFILE" />
199-->[androidx.profileinstaller:profileinstaller:1.3.0] AndroidManifest.xml:47:17-88
199-->[androidx.profileinstaller:profileinstaller:1.3.0] AndroidManifest.xml:47:25-85
200            </intent-filter>
201            <intent-filter>
201-->[androidx.profileinstaller:profileinstaller:1.3.0] AndroidManifest.xml:49:13-51:29
202                <action android:name="androidx.profileinstaller.action.BENCHMARK_OPERATION" />
202-->[androidx.profileinstaller:profileinstaller:1.3.0] AndroidManifest.xml:50:17-95
202-->[androidx.profileinstaller:profileinstaller:1.3.0] AndroidManifest.xml:50:25-92
203            </intent-filter>
204        </receiver>
205    </application>
206
207</manifest>